Using pre-set license
Built from '2021.1/staging' branch; Version is '2021.1.7f1 (d91830b65d9b) revision 14227504'; Using compiler version '192528614'; Build Type 'Release'
OS: 'Windows 10 Home; OS build 19041.1052; Version 2004; 64bit' Language: 'en' Physical Memory: 16249 MB
BatchMode: 1, IsHumanControllingUs: 0, StartBugReporterOnCrash: 0, Is64bit: 1, IsPro: 0

 COMMAND LINE ARGUMENTS:
C:\Program Files\Unity\Hub\Editor\2021.1.7f1\Editor\Unity.exe
-adb2
-batchMode
-noUpm
-name
AssetImportWorker0
-projectPath
D:/Class/3rdYear/game design/Exam/Technician Inc
-logFile
Logs/AssetImportWorker0.log
-srvPort
57732
Successfully changed project path to: D:/Class/3rdYear/game design/Exam/Technician Inc
D:/Class/3rdYear/game design/Exam/Technician Inc
Using Asset Import Pipeline V2.
Refreshing native plugins compatible for Editor in 122.96 ms, found 2 plugins.
Preloading 0 native plugins for Editor in 0.00 ms.
Initialize engine version: 2021.1.7f1 (d91830b65d9b)
[Subsystems] Discovering subsystems at path C:/Program Files/Unity/Hub/Editor/2021.1.7f1/Editor/Data/Resources/UnitySubsystems
[Subsystems] Discovering subsystems at path D:/Class/3rdYear/game design/Exam/Technician Inc/Assets
GfxDevice: creating device client; threaded=0; jobified=0
Direct3D:
    Version:  Direct3D 11.0 [level 11.1]
    Renderer: NVIDIA GeForce GTX 1060 with Max-Q Design (ID=0x1c20)
    Vendor:   NVIDIA
    VRAM:     6052 MB
    Driver:   27.21.14.6259
Initialize mono
Mono path[0] = 'C:/Program Files/Unity/Hub/Editor/2021.1.7f1/Editor/Data/Managed'
Mono path[1] = 'C:/Program Files/Unity/Hub/Editor/2021.1.7f1/Editor/Data/MonoBleedingEdge/lib/mono/unityjit'
Mono config path = 'C:/Program Files/Unity/Hub/Editor/2021.1.7f1/Editor/Data/MonoBleedingEdge/etc'
Using monoOptions --debugger-agent=transport=dt_socket,embedding=1,server=y,suspend=n,address=127.0.0.1:56580
Begin MonoManager ReloadAssembly
Registering precompiled unity dll's ...
Register platform support module: C:/Program Files/Unity/Hub/Editor/2021.1.7f1/Editor/Data/PlaybackEngines/WindowsStandaloneSupport/UnityEditor.WindowsStandalone.Extensions.dll
Registered in 0.002285 seconds.
Native extension for WindowsStandalone target not found
Refreshing native plugins compatible for Editor in 151.27 ms, found 2 plugins.
Preloading 0 native plugins for Editor in 0.00 ms.
Mono: successfully reloaded assembly
- Completed reload, in  2.043 seconds
Platform modules already initialized, skipping
Registering precompiled user dll's ...
Registered in 0.005678 seconds.
Begin MonoManager ReloadAssembly
Symbol file LoadedFromMemory doesn't match image D:\Class\3rdYear\game design\Exam\Technician Inc\Library\PackageCache\com.unity.visualscripting@1.6.1\Editor\VisualScripting.Core\Dependencies\YamlDotNet\Unity.VisualScripting.YamlDotNet.dll
Symbol file LoadedFromMemory doesn't match image D:\Class\3rdYear\game design\Exam\Technician Inc\Library\PackageCache\com.unity.visualscripting@1.6.1\Editor\VisualScripting.Core\Dependencies\DotNetZip\Unity.VisualScripting.IonicZip.dll
Native extension for WindowsStandalone target not found
Refreshing native plugins compatible for Editor in 116.33 ms, found 2 plugins.
Preloading 0 native plugins for Editor in 0.00 ms.
Mono: successfully reloaded assembly
- Completed reload, in  1.365 seconds
Platform modules already initialized, skipping
========================================================================
Worker process is ready to serve import requests
Launched and connected shader compiler UnityShaderCompiler.exe after 0.07 seconds
Refreshing native plugins compatible for Editor in 1.20 ms, found 2 plugins.
Preloading 0 native plugins for Editor in 0.00 ms.
Unloading 3504 Unused Serialized files (Serialized files now loaded: 0)
System memory in use before: 146.8 MB.
System memory in use after: 146.9 MB.

Unloading 32 unused Assets to reduce memory usage. Loaded Objects now: 3979.
Total: 2.743300 ms (FindLiveObjects: 0.271600 ms CreateObjectMapping: 0.185800 ms MarkObjects: 2.096600 ms  DeleteObjects: 0.188100 ms)

========================================================================
Received Import Request.
  path: Assets/Prefabs/Player.prefab
  artifactKey: Guid(3f9de3d15ec4d5944b1b46a544521b5c) Importer(815301076,1909f56bfc062723c751e8b465ee728b)
Start importing Assets/Prefabs/Player.prefab using Guid(3f9de3d15ec4d5944b1b46a544521b5c) Importer(815301076,1909f56bfc062723c751e8b465ee728b)  -> (artifact id: '088b2495f6303b01d428ae96f6151ac7') in 0.151472 seconds 
========================================================================
Received Import Request.
  Time since last request: 98.299609 seconds.
  path: Assets/Prefabs/Player.prefab
  artifactKey: Guid(3f9de3d15ec4d5944b1b46a544521b5c) Importer(815301076,1909f56bfc062723c751e8b465ee728b)
Start importing Assets/Prefabs/Player.prefab using Guid(3f9de3d15ec4d5944b1b46a544521b5c) Importer(815301076,1909f56bfc062723c751e8b465ee728b)  -> (artifact id: 'd5f314252f92bbf4546f36ab37d246fe') in 0.077442 seconds 
========================================================================
Received Import Request.
  Time since last request: 4.220452 seconds.
  path: Assets/Prefabs/Player.prefab
  artifactKey: Guid(3f9de3d15ec4d5944b1b46a544521b5c) Importer(815301076,1909f56bfc062723c751e8b465ee728b)
Start importing Assets/Prefabs/Player.prefab using Guid(3f9de3d15ec4d5944b1b46a544521b5c) Importer(815301076,1909f56bfc062723c751e8b465ee728b)  -> (artifact id: 'e529a1a8ec15da035cae7251c1195c03') in 0.020368 seconds 
========================================================================
Received Prepare
Registering precompiled user dll's ...
Registered in 0.011162 seconds.
Begin MonoManager ReloadAssembly
Symbol file LoadedFromMemory doesn't match image D:\Class\3rdYear\game design\Exam\Technician Inc\Library\PackageCache\com.unity.visualscripting@1.6.1\Editor\VisualScripting.Core\Dependencies\YamlDotNet\Unity.VisualScripting.YamlDotNet.dll
Symbol file LoadedFromMemory doesn't match image D:\Class\3rdYear\game design\Exam\Technician Inc\Library\PackageCache\com.unity.visualscripting@1.6.1\Editor\VisualScripting.Core\Dependencies\DotNetZip\Unity.VisualScripting.IonicZip.dll
Native extension for WindowsStandalone target not found
Refreshing native plugins compatible for Editor in 1.26 ms, found 2 plugins.
Preloading 0 native plugins for Editor in 0.00 ms.
Mono: successfully reloaded assembly
- Completed reload, in  2.469 seconds
Platform modules already initialized, skipping
Refreshing native plugins compatible for Editor in 1.83 ms, found 2 plugins.
Preloading 0 native plugins for Editor in 0.00 ms.
Unloading 3499 Unused Serialized files (Serialized files now loaded: 0)
System memory in use before: 151.0 MB.
System memory in use after: 151.1 MB.

Unloading 20 unused Assets to reduce memory usage. Loaded Objects now: 3991.
Total: 7.021600 ms (FindLiveObjects: 0.807900 ms CreateObjectMapping: 0.486400 ms MarkObjects: 5.526500 ms  DeleteObjects: 0.195700 ms)

========================================================================
Received Import Request.
  Time since last request: 480.134102 seconds.
  path: Assets/Scenes/Level2.unity
  artifactKey: Guid(213e940d41a68b84e96e57669f4ae6e4) Importer(815301076,1909f56bfc062723c751e8b465ee728b)
Start importing Assets/Scenes/Level2.unity using Guid(213e940d41a68b84e96e57669f4ae6e4) Importer(815301076,1909f56bfc062723c751e8b465ee728b)  -> (artifact id: '4cbbe1ac2f21a6ddfe675e3e9f4a7994') in 0.125356 seconds 
========================================================================
Received Import Request.
  Time since last request: 6.932923 seconds.
  path: Assets/Scenes/SampleScene.unity
  artifactKey: Guid(2cda990e2423bbf4892e6590ba056729) Importer(815301076,1909f56bfc062723c751e8b465ee728b)
Start importing Assets/Scenes/SampleScene.unity using Guid(2cda990e2423bbf4892e6590ba056729) Importer(815301076,1909f56bfc062723c751e8b465ee728b)  -> (artifact id: '31fb2664ff5fe6729ae535a21285ed44') in 0.008678 seconds 
========================================================================
Received Prepare
Registering precompiled user dll's ...
Registered in 0.005547 seconds.
Begin MonoManager ReloadAssembly
Symbol file LoadedFromMemory doesn't match image D:\Class\3rdYear\game design\Exam\Technician Inc\Library\PackageCache\com.unity.visualscripting@1.6.1\Editor\VisualScripting.Core\Dependencies\YamlDotNet\Unity.VisualScripting.YamlDotNet.dll
Symbol file LoadedFromMemory doesn't match image D:\Class\3rdYear\game design\Exam\Technician Inc\Library\PackageCache\com.unity.visualscripting@1.6.1\Editor\VisualScripting.Core\Dependencies\DotNetZip\Unity.VisualScripting.IonicZip.dll
Native extension for WindowsStandalone target not found
Refreshing native plugins compatible for Editor in 0.89 ms, found 2 plugins.
Preloading 0 native plugins for Editor in 0.00 ms.
Mono: successfully reloaded assembly
- Completed reload, in  1.245 seconds
Platform modules already initialized, skipping
Refreshing native plugins compatible for Editor in 0.72 ms, found 2 plugins.
Preloading 0 native plugins for Editor in 0.00 ms.
Unloading 3499 Unused Serialized files (Serialized files now loaded: 0)
System memory in use before: 151.0 MB.
System memory in use after: 151.1 MB.

Unloading 20 unused Assets to reduce memory usage. Loaded Objects now: 3995.
Total: 2.728700 ms (FindLiveObjects: 0.283400 ms CreateObjectMapping: 0.158400 ms MarkObjects: 2.114800 ms  DeleteObjects: 0.171100 ms)

========================================================================
Received Prepare
Registering precompiled user dll's ...
Registered in 0.007864 seconds.
Begin MonoManager ReloadAssembly
Symbol file LoadedFromMemory doesn't match image D:\Class\3rdYear\game design\Exam\Technician Inc\Library\PackageCache\com.unity.visualscripting@1.6.1\Editor\VisualScripting.Core\Dependencies\YamlDotNet\Unity.VisualScripting.YamlDotNet.dll
Symbol file LoadedFromMemory doesn't match image D:\Class\3rdYear\game design\Exam\Technician Inc\Library\PackageCache\com.unity.visualscripting@1.6.1\Editor\VisualScripting.Core\Dependencies\DotNetZip\Unity.VisualScripting.IonicZip.dll
Native extension for WindowsStandalone target not found
Refreshing native plugins compatible for Editor in 1.52 ms, found 2 plugins.
Preloading 0 native plugins for Editor in 0.00 ms.
Mono: successfully reloaded assembly
- Completed reload, in  2.275 seconds
Platform modules already initialized, skipping
Refreshing native plugins compatible for Editor in 0.77 ms, found 2 plugins.
Preloading 0 native plugins for Editor in 0.00 ms.
Unloading 3499 Unused Serialized files (Serialized files now loaded: 0)
System memory in use before: 151.1 MB.
System memory in use after: 151.2 MB.

Unloading 20 unused Assets to reduce memory usage. Loaded Objects now: 3999.
Total: 3.681200 ms (FindLiveObjects: 0.293200 ms CreateObjectMapping: 0.242900 ms MarkObjects: 3.014800 ms  DeleteObjects: 0.128900 ms)

========================================================================
Received Prepare
Registering precompiled user dll's ...
Registered in 0.013293 seconds.
Begin MonoManager ReloadAssembly
Symbol file LoadedFromMemory doesn't match image D:\Class\3rdYear\game design\Exam\Technician Inc\Library\PackageCache\com.unity.visualscripting@1.6.1\Editor\VisualScripting.Core\Dependencies\YamlDotNet\Unity.VisualScripting.YamlDotNet.dll
Symbol file LoadedFromMemory doesn't match image D:\Class\3rdYear\game design\Exam\Technician Inc\Library\PackageCache\com.unity.visualscripting@1.6.1\Editor\VisualScripting.Core\Dependencies\DotNetZip\Unity.VisualScripting.IonicZip.dll
Native extension for WindowsStandalone target not found
Refreshing native plugins compatible for Editor in 1.36 ms, found 2 plugins.
Preloading 0 native plugins for Editor in 0.00 ms.
Mono: successfully reloaded assembly
- Completed reload, in  2.002 seconds
Platform modules already initialized, skipping
Refreshing native plugins compatible for Editor in 1.81 ms, found 2 plugins.
Preloading 0 native plugins for Editor in 0.00 ms.
Unloading 3499 Unused Serialized files (Serialized files now loaded: 0)
System memory in use before: 151.1 MB.
System memory in use after: 151.2 MB.

Unloading 20 unused Assets to reduce memory usage. Loaded Objects now: 4003.
Total: 8.340200 ms (FindLiveObjects: 0.912400 ms CreateObjectMapping: 2.025100 ms MarkObjects: 5.226300 ms  DeleteObjects: 0.174000 ms)

========================================================================
Received Prepare
Registering precompiled user dll's ...
Registered in 0.005922 seconds.
Begin MonoManager ReloadAssembly
Symbol file LoadedFromMemory doesn't match image D:\Class\3rdYear\game design\Exam\Technician Inc\Library\PackageCache\com.unity.visualscripting@1.6.1\Editor\VisualScripting.Core\Dependencies\YamlDotNet\Unity.VisualScripting.YamlDotNet.dll
Symbol file LoadedFromMemory doesn't match image D:\Class\3rdYear\game design\Exam\Technician Inc\Library\PackageCache\com.unity.visualscripting@1.6.1\Editor\VisualScripting.Core\Dependencies\DotNetZip\Unity.VisualScripting.IonicZip.dll
Native extension for WindowsStandalone target not found
Refreshing native plugins compatible for Editor in 0.92 ms, found 2 plugins.
Preloading 0 native plugins for Editor in 0.00 ms.
Mono: successfully reloaded assembly
- Completed reload, in  1.225 seconds
Platform modules already initialized, skipping
Refreshing native plugins compatible for Editor in 0.74 ms, found 2 plugins.
Preloading 0 native plugins for Editor in 0.00 ms.
Unloading 3499 Unused Serialized files (Serialized files now loaded: 0)
System memory in use before: 151.1 MB.
System memory in use after: 151.2 MB.

Unloading 20 unused Assets to reduce memory usage. Loaded Objects now: 4007.
Total: 2.959100 ms (FindLiveObjects: 0.288600 ms CreateObjectMapping: 0.162700 ms MarkObjects: 2.345000 ms  DeleteObjects: 0.162100 ms)

========================================================================
Received Prepare
Registering precompiled user dll's ...
Registered in 0.008435 seconds.
Begin MonoManager ReloadAssembly
Symbol file LoadedFromMemory doesn't match image D:\Class\3rdYear\game design\Exam\Technician Inc\Library\PackageCache\com.unity.visualscripting@1.6.1\Editor\VisualScripting.Core\Dependencies\YamlDotNet\Unity.VisualScripting.YamlDotNet.dll
Symbol file LoadedFromMemory doesn't match image D:\Class\3rdYear\game design\Exam\Technician Inc\Library\PackageCache\com.unity.visualscripting@1.6.1\Editor\VisualScripting.Core\Dependencies\DotNetZip\Unity.VisualScripting.IonicZip.dll
Native extension for WindowsStandalone target not found
Refreshing native plugins compatible for Editor in 0.69 ms, found 2 plugins.
Preloading 0 native plugins for Editor in 0.00 ms.
Mono: successfully reloaded assembly
- Completed reload, in  1.403 seconds
Platform modules already initialized, skipping
Refreshing native plugins compatible for Editor in 1.12 ms, found 2 plugins.
Preloading 0 native plugins for Editor in 0.00 ms.
Unloading 3499 Unused Serialized files (Serialized files now loaded: 0)
System memory in use before: 151.1 MB.
System memory in use after: 151.2 MB.

Unloading 20 unused Assets to reduce memory usage. Loaded Objects now: 4011.
Total: 3.978500 ms (FindLiveObjects: 0.357100 ms CreateObjectMapping: 0.177900 ms MarkObjects: 3.322100 ms  DeleteObjects: 0.116000 ms)

========================================================================
Received Prepare
Registering precompiled user dll's ...
Registered in 0.015281 seconds.
Begin MonoManager ReloadAssembly
Symbol file LoadedFromMemory doesn't match image D:\Class\3rdYear\game design\Exam\Technician Inc\Library\PackageCache\com.unity.visualscripting@1.6.1\Editor\VisualScripting.Core\Dependencies\YamlDotNet\Unity.VisualScripting.YamlDotNet.dll
Symbol file LoadedFromMemory doesn't match image D:\Class\3rdYear\game design\Exam\Technician Inc\Library\PackageCache\com.unity.visualscripting@1.6.1\Editor\VisualScripting.Core\Dependencies\DotNetZip\Unity.VisualScripting.IonicZip.dll
Native extension for WindowsStandalone target not found
Refreshing native plugins compatible for Editor in 3.71 ms, found 2 plugins.
Preloading 0 native plugins for Editor in 0.00 ms.
Mono: successfully reloaded assembly
- Completed reload, in  3.842 seconds
Platform modules already initialized, skipping
Refreshing native plugins compatible for Editor in 1.42 ms, found 2 plugins.
Preloading 0 native plugins for Editor in 0.00 ms.
Unloading 3499 Unused Serialized files (Serialized files now loaded: 0)
System memory in use before: 151.1 MB.
System memory in use after: 151.2 MB.

Unloading 20 unused Assets to reduce memory usage. Loaded Objects now: 4015.
Total: 9.965500 ms (FindLiveObjects: 1.645000 ms CreateObjectMapping: 0.354400 ms MarkObjects: 7.338200 ms  DeleteObjects: 0.626000 ms)

========================================================================
Received Prepare
Registering precompiled user dll's ...
Registered in 0.007274 seconds.
Begin MonoManager ReloadAssembly
Symbol file LoadedFromMemory doesn't match image D:\Class\3rdYear\game design\Exam\Technician Inc\Library\PackageCache\com.unity.visualscripting@1.6.1\Editor\VisualScripting.Core\Dependencies\YamlDotNet\Unity.VisualScripting.YamlDotNet.dll
Symbol file LoadedFromMemory doesn't match image D:\Class\3rdYear\game design\Exam\Technician Inc\Library\PackageCache\com.unity.visualscripting@1.6.1\Editor\VisualScripting.Core\Dependencies\DotNetZip\Unity.VisualScripting.IonicZip.dll
Native extension for WindowsStandalone target not found
Refreshing native plugins compatible for Editor in 0.89 ms, found 2 plugins.
Preloading 0 native plugins for Editor in 0.00 ms.
Mono: successfully reloaded assembly
- Completed reload, in  1.417 seconds
Platform modules already initialized, skipping
Refreshing native plugins compatible for Editor in 0.71 ms, found 2 plugins.
Preloading 0 native plugins for Editor in 0.00 ms.
Unloading 3499 Unused Serialized files (Serialized files now loaded: 0)
System memory in use before: 151.1 MB.
System memory in use after: 151.3 MB.

Unloading 20 unused Assets to reduce memory usage. Loaded Objects now: 4019.
Total: 2.895400 ms (FindLiveObjects: 0.272400 ms CreateObjectMapping: 0.216100 ms MarkObjects: 2.255000 ms  DeleteObjects: 0.151000 ms)

========================================================================
Received Prepare
Registering precompiled user dll's ...
Registered in 0.011462 seconds.
Begin MonoManager ReloadAssembly
Symbol file LoadedFromMemory doesn't match image D:\Class\3rdYear\game design\Exam\Technician Inc\Library\PackageCache\com.unity.visualscripting@1.6.1\Editor\VisualScripting.Core\Dependencies\YamlDotNet\Unity.VisualScripting.YamlDotNet.dll
Symbol file LoadedFromMemory doesn't match image D:\Class\3rdYear\game design\Exam\Technician Inc\Library\PackageCache\com.unity.visualscripting@1.6.1\Editor\VisualScripting.Core\Dependencies\DotNetZip\Unity.VisualScripting.IonicZip.dll
Native extension for WindowsStandalone target not found
Refreshing native plugins compatible for Editor in 2.21 ms, found 2 plugins.
Preloading 0 native plugins for Editor in 0.00 ms.
Mono: successfully reloaded assembly
- Completed reload, in  1.968 seconds
Platform modules already initialized, skipping
Refreshing native plugins compatible for Editor in 1.83 ms, found 2 plugins.
Preloading 0 native plugins for Editor in 0.00 ms.
Unloading 3499 Unused Serialized files (Serialized files now loaded: 0)
System memory in use before: 151.2 MB.
System memory in use after: 151.3 MB.

Unloading 20 unused Assets to reduce memory usage. Loaded Objects now: 4023.
Total: 5.462400 ms (FindLiveObjects: 0.545800 ms CreateObjectMapping: 0.358600 ms MarkObjects: 4.350200 ms  DeleteObjects: 0.200300 ms)

========================================================================
Received Import Request.
  Time since last request: 822.885704 seconds.
  path: Assets/Scenes/Level2.unity
  artifactKey: Guid(213e940d41a68b84e96e57669f4ae6e4) Importer(815301076,1909f56bfc062723c751e8b465ee728b)
Start importing Assets/Scenes/Level2.unity using Guid(213e940d41a68b84e96e57669f4ae6e4) Importer(815301076,1909f56bfc062723c751e8b465ee728b)  -> (artifact id: '2215a8bd36a0c71e500dfeccf292374f') in 0.017203 seconds 
========================================================================
Received Prepare
Registering precompiled user dll's ...
Registered in 0.006123 seconds.
Begin MonoManager ReloadAssembly
Symbol file LoadedFromMemory doesn't match image D:\Class\3rdYear\game design\Exam\Technician Inc\Library\PackageCache\com.unity.visualscripting@1.6.1\Editor\VisualScripting.Core\Dependencies\YamlDotNet\Unity.VisualScripting.YamlDotNet.dll
Symbol file LoadedFromMemory doesn't match image D:\Class\3rdYear\game design\Exam\Technician Inc\Library\PackageCache\com.unity.visualscripting@1.6.1\Editor\VisualScripting.Core\Dependencies\DotNetZip\Unity.VisualScripting.IonicZip.dll
Native extension for WindowsStandalone target not found
Refreshing native plugins compatible for Editor in 1.18 ms, found 2 plugins.
Preloading 0 native plugins for Editor in 0.00 ms.
Mono: successfully reloaded assembly
- Completed reload, in  1.821 seconds
Platform modules already initialized, skipping
Refreshing native plugins compatible for Editor in 0.82 ms, found 2 plugins.
Preloading 0 native plugins for Editor in 0.00 ms.
Unloading 3499 Unused Serialized files (Serialized files now loaded: 0)
System memory in use before: 151.2 MB.
System memory in use after: 151.3 MB.

Unloading 20 unused Assets to reduce memory usage. Loaded Objects now: 4027.
Total: 6.124200 ms (FindLiveObjects: 0.332600 ms CreateObjectMapping: 0.204700 ms MarkObjects: 5.449200 ms  DeleteObjects: 0.135900 ms)

========================================================================
Received Prepare
Registering precompiled user dll's ...
Registered in 0.012197 seconds.
Begin MonoManager ReloadAssembly
Symbol file LoadedFromMemory doesn't match image D:\Class\3rdYear\game design\Exam\Technician Inc\Library\PackageCache\com.unity.visualscripting@1.6.1\Editor\VisualScripting.Core\Dependencies\YamlDotNet\Unity.VisualScripting.YamlDotNet.dll
Symbol file LoadedFromMemory doesn't match image D:\Class\3rdYear\game design\Exam\Technician Inc\Library\PackageCache\com.unity.visualscripting@1.6.1\Editor\VisualScripting.Core\Dependencies\DotNetZip\Unity.VisualScripting.IonicZip.dll
Native extension for WindowsStandalone target not found
Refreshing native plugins compatible for Editor in 0.87 ms, found 2 plugins.
Preloading 0 native plugins for Editor in 0.00 ms.
Mono: successfully reloaded assembly
- Completed reload, in  2.015 seconds
Platform modules already initialized, skipping
Refreshing native plugins compatible for Editor in 1.22 ms, found 2 plugins.
Preloading 0 native plugins for Editor in 0.00 ms.
Unloading 3499 Unused Serialized files (Serialized files now loaded: 0)
System memory in use before: 151.2 MB.
System memory in use after: 151.3 MB.

Unloading 20 unused Assets to reduce memory usage. Loaded Objects now: 4031.
Total: 5.160200 ms (FindLiveObjects: 0.372100 ms CreateObjectMapping: 0.242300 ms MarkObjects: 4.400200 ms  DeleteObjects: 0.144300 ms)

========================================================================
Received Prepare
Registering precompiled user dll's ...
Registered in 0.022841 seconds.
Begin MonoManager ReloadAssembly
Symbol file LoadedFromMemory doesn't match image D:\Class\3rdYear\game design\Exam\Technician Inc\Library\PackageCache\com.unity.visualscripting@1.6.1\Editor\VisualScripting.Core\Dependencies\YamlDotNet\Unity.VisualScripting.YamlDotNet.dll
Symbol file LoadedFromMemory doesn't match image D:\Class\3rdYear\game design\Exam\Technician Inc\Library\PackageCache\com.unity.visualscripting@1.6.1\Editor\VisualScripting.Core\Dependencies\DotNetZip\Unity.VisualScripting.IonicZip.dll
Native extension for WindowsStandalone target not found
Refreshing native plugins compatible for Editor in 3.22 ms, found 2 plugins.
Preloading 0 native plugins for Editor in 0.00 ms.
Mono: successfully reloaded assembly
- Completed reload, in  2.787 seconds
Platform modules already initialized, skipping
Refreshing native plugins compatible for Editor in 1.35 ms, found 2 plugins.
Preloading 0 native plugins for Editor in 0.00 ms.
Unloading 3499 Unused Serialized files (Serialized files now loaded: 0)
System memory in use before: 151.2 MB.
System memory in use after: 151.3 MB.

Unloading 20 unused Assets to reduce memory usage. Loaded Objects now: 4035.
Total: 6.929900 ms (FindLiveObjects: 0.727000 ms CreateObjectMapping: 0.715900 ms MarkObjects: 5.299800 ms  DeleteObjects: 0.184000 ms)

========================================================================
Received Import Request.
  Time since last request: 158.833326 seconds.
  path: Assets/Scenes/Level2.unity
  artifactKey: Guid(213e940d41a68b84e96e57669f4ae6e4) Importer(815301076,1909f56bfc062723c751e8b465ee728b)
Start importing Assets/Scenes/Level2.unity using Guid(213e940d41a68b84e96e57669f4ae6e4) Importer(815301076,1909f56bfc062723c751e8b465ee728b)  -> (artifact id: 'cafd34f96eb0fbe66930574a50a79d7e') in 0.016475 seconds 
========================================================================
Received Prepare
Registering precompiled user dll's ...
Registered in 0.011828 seconds.
Begin MonoManager ReloadAssembly
Symbol file LoadedFromMemory doesn't match image D:\Class\3rdYear\game design\Exam\Technician Inc\Library\PackageCache\com.unity.visualscripting@1.6.1\Editor\VisualScripting.Core\Dependencies\YamlDotNet\Unity.VisualScripting.YamlDotNet.dll
Symbol file LoadedFromMemory doesn't match image D:\Class\3rdYear\game design\Exam\Technician Inc\Library\PackageCache\com.unity.visualscripting@1.6.1\Editor\VisualScripting.Core\Dependencies\DotNetZip\Unity.VisualScripting.IonicZip.dll
Native extension for WindowsStandalone target not found
Refreshing native plugins compatible for Editor in 1.39 ms, found 2 plugins.
Preloading 0 native plugins for Editor in 0.00 ms.
Mono: successfully reloaded assembly
- Completed reload, in  1.637 seconds
Platform modules already initialized, skipping
Refreshing native plugins compatible for Editor in 1.96 ms, found 2 plugins.
Preloading 0 native plugins for Editor in 0.00 ms.
Unloading 3499 Unused Serialized files (Serialized files now loaded: 0)
System memory in use before: 151.2 MB.
System memory in use after: 151.3 MB.

Unloading 20 unused Assets to reduce memory usage. Loaded Objects now: 4039.
Total: 6.090800 ms (FindLiveObjects: 0.326400 ms CreateObjectMapping: 0.241100 ms MarkObjects: 5.287100 ms  DeleteObjects: 0.233700 ms)

========================================================================
Received Import Request.
  Time since last request: 147.018014 seconds.
  path: Assets/Scenes/Level2.unity
  artifactKey: Guid(213e940d41a68b84e96e57669f4ae6e4) Importer(815301076,1909f56bfc062723c751e8b465ee728b)
Start importing Assets/Scenes/Level2.unity using Guid(213e940d41a68b84e96e57669f4ae6e4) Importer(815301076,1909f56bfc062723c751e8b465ee728b)  -> (artifact id: '58acd74abcfc4658cd231c632381e365') in 0.020439 seconds 
========================================================================
Received Import Request.
  Time since last request: 34.490980 seconds.
  path: Assets/Scenes/Level2.unity
  artifactKey: Guid(213e940d41a68b84e96e57669f4ae6e4) Importer(815301076,1909f56bfc062723c751e8b465ee728b)
Start importing Assets/Scenes/Level2.unity using Guid(213e940d41a68b84e96e57669f4ae6e4) Importer(815301076,1909f56bfc062723c751e8b465ee728b)  -> (artifact id: '9c5fe8bd6a5e8286f54a3529d5b596f2') in 0.005154 seconds 
========================================================================
Received Prepare
Registering precompiled user dll's ...
Registered in 0.010063 seconds.
Begin MonoManager ReloadAssembly
Symbol file LoadedFromMemory doesn't match image D:\Class\3rdYear\game design\Exam\Technician Inc\Library\PackageCache\com.unity.visualscripting@1.6.1\Editor\VisualScripting.Core\Dependencies\YamlDotNet\Unity.VisualScripting.YamlDotNet.dll
Symbol file LoadedFromMemory doesn't match image D:\Class\3rdYear\game design\Exam\Technician Inc\Library\PackageCache\com.unity.visualscripting@1.6.1\Editor\VisualScripting.Core\Dependencies\DotNetZip\Unity.VisualScripting.IonicZip.dll
Native extension for WindowsStandalone target not found
Refreshing native plugins compatible for Editor in 1.09 ms, found 2 plugins.
Preloading 0 native plugins for Editor in 0.00 ms.
Mono: successfully reloaded assembly
- Completed reload, in  1.954 seconds
Platform modules already initialized, skipping
Refreshing native plugins compatible for Editor in 0.80 ms, found 2 plugins.
Preloading 0 native plugins for Editor in 0.00 ms.
Unloading 3499 Unused Serialized files (Serialized files now loaded: 0)
System memory in use before: 151.2 MB.
System memory in use after: 151.3 MB.

Unloading 20 unused Assets to reduce memory usage. Loaded Objects now: 4043.
Total: 5.977100 ms (FindLiveObjects: 0.509800 ms CreateObjectMapping: 0.530300 ms MarkObjects: 4.770100 ms  DeleteObjects: 0.165300 ms)

========================================================================
Received Prepare
Registering precompiled user dll's ...
Registered in 0.005927 seconds.
Begin MonoManager ReloadAssembly
Symbol file LoadedFromMemory doesn't match image D:\Class\3rdYear\game design\Exam\Technician Inc\Library\PackageCache\com.unity.visualscripting@1.6.1\Editor\VisualScripting.Core\Dependencies\YamlDotNet\Unity.VisualScripting.YamlDotNet.dll
Symbol file LoadedFromMemory doesn't match image D:\Class\3rdYear\game design\Exam\Technician Inc\Library\PackageCache\com.unity.visualscripting@1.6.1\Editor\VisualScripting.Core\Dependencies\DotNetZip\Unity.VisualScripting.IonicZip.dll
Native extension for WindowsStandalone target not found
Refreshing native plugins compatible for Editor in 1.14 ms, found 2 plugins.
Preloading 0 native plugins for Editor in 0.00 ms.
Mono: successfully reloaded assembly
- Completed reload, in  1.509 seconds
Platform modules already initialized, skipping
Refreshing native plugins compatible for Editor in 0.75 ms, found 2 plugins.
Preloading 0 native plugins for Editor in 0.00 ms.
Unloading 3499 Unused Serialized files (Serialized files now loaded: 0)
System memory in use before: 151.2 MB.
System memory in use after: 151.3 MB.

Unloading 20 unused Assets to reduce memory usage. Loaded Objects now: 4047.
Total: 3.103100 ms (FindLiveObjects: 0.341500 ms CreateObjectMapping: 0.162600 ms MarkObjects: 2.478200 ms  DeleteObjects: 0.120000 ms)

========================================================================
Received Prepare
Registering precompiled user dll's ...
Registered in 0.012452 seconds.
Begin MonoManager ReloadAssembly
Symbol file LoadedFromMemory doesn't match image D:\Class\3rdYear\game design\Exam\Technician Inc\Library\PackageCache\com.unity.visualscripting@1.6.1\Editor\VisualScripting.Core\Dependencies\YamlDotNet\Unity.VisualScripting.YamlDotNet.dll
Symbol file LoadedFromMemory doesn't match image D:\Class\3rdYear\game design\Exam\Technician Inc\Library\PackageCache\com.unity.visualscripting@1.6.1\Editor\VisualScripting.Core\Dependencies\DotNetZip\Unity.VisualScripting.IonicZip.dll
Native extension for WindowsStandalone target not found
Refreshing native plugins compatible for Editor in 2.34 ms, found 2 plugins.
Preloading 0 native plugins for Editor in 0.00 ms.
Mono: successfully reloaded assembly
- Completed reload, in  3.918 seconds
Platform modules already initialized, skipping
Refreshing native plugins compatible for Editor in 4.32 ms, found 2 plugins.
Preloading 0 native plugins for Editor in 0.00 ms.
Unloading 3499 Unused Serialized files (Serialized files now loaded: 0)
System memory in use before: 151.2 MB.
System memory in use after: 151.3 MB.

Unloading 20 unused Assets to reduce memory usage. Loaded Objects now: 4051.
Total: 8.110700 ms (FindLiveObjects: 1.195000 ms CreateObjectMapping: 0.568200 ms MarkObjects: 6.122800 ms  DeleteObjects: 0.220900 ms)

========================================================================
Received Prepare
Refreshing native plugins compatible for Editor in 4.96 ms, found 2 plugins.
Preloading 0 native plugins for Editor in 0.00 ms.
Unloading 18 Unused Serialized files (Serialized files now loaded: 0)
System memory in use before: 82.3 MB.
System memory in use after: 82.5 MB.

Unloading 18 unused Assets to reduce memory usage. Loaded Objects now: 4051.
Total: 3.092300 ms (FindLiveObjects: 0.401900 ms CreateObjectMapping: 0.248400 ms MarkObjects: 2.299700 ms  DeleteObjects: 0.141500 ms)

========================================================================
Received Import Request.
  Time since last request: 2866.707986 seconds.
  path: Assets/Scenes/Level2.unity
  artifactKey: Guid(213e940d41a68b84e96e57669f4ae6e4) Importer(815301076,1909f56bfc062723c751e8b465ee728b)
Start importing Assets/Scenes/Level2.unity using Guid(213e940d41a68b84e96e57669f4ae6e4) Importer(815301076,1909f56bfc062723c751e8b465ee728b)  -> (artifact id: 'e247887b02776163dcb2682fc57eb670') in 0.024212 seconds 
========================================================================
Received Prepare
Registering precompiled user dll's ...
Registered in 0.008547 seconds.
Begin MonoManager ReloadAssembly
Symbol file LoadedFromMemory doesn't match image D:\Class\3rdYear\game design\Exam\Technician Inc\Library\PackageCache\com.unity.visualscripting@1.6.1\Editor\VisualScripting.Core\Dependencies\YamlDotNet\Unity.VisualScripting.YamlDotNet.dll
Symbol file LoadedFromMemory doesn't match image D:\Class\3rdYear\game design\Exam\Technician Inc\Library\PackageCache\com.unity.visualscripting@1.6.1\Editor\VisualScripting.Core\Dependencies\DotNetZip\Unity.VisualScripting.IonicZip.dll
Native extension for WindowsStandalone target not found
Refreshing native plugins compatible for Editor in 0.86 ms, found 2 plugins.
Preloading 0 native plugins for Editor in 0.00 ms.
Mono: successfully reloaded assembly
- Completed reload, in  1.417 seconds
Platform modules already initialized, skipping
Refreshing native plugins compatible for Editor in 0.74 ms, found 2 plugins.
Preloading 0 native plugins for Editor in 0.00 ms.
Unloading 3499 Unused Serialized files (Serialized files now loaded: 0)
System memory in use before: 151.3 MB.
System memory in use after: 151.4 MB.

Unloading 20 unused Assets to reduce memory usage. Loaded Objects now: 4055.
Total: 3.696900 ms (FindLiveObjects: 0.344500 ms CreateObjectMapping: 0.240800 ms MarkObjects: 2.944500 ms  DeleteObjects: 0.165900 ms)

========================================================================
Received Import Request.
  Time since last request: 442.466785 seconds.
  path: Assets/Scenes/EndScene.unity
  artifactKey: Guid(338fc81720ce0dd4398d890561429fcf) Importer(815301076,1909f56bfc062723c751e8b465ee728b)
Start importing Assets/Scenes/EndScene.unity using Guid(338fc81720ce0dd4398d890561429fcf) Importer(815301076,1909f56bfc062723c751e8b465ee728b)  -> (artifact id: '6fa05a125724c3a1a2a303808e20c338') in 0.025691 seconds 
========================================================================
Received Import Request.
  Time since last request: 237.658287 seconds.
  path: Assets/Prefabs/EndSim.prefab
  artifactKey: Guid(7eb481d3b4761ca4198a62377f7ef823) Importer(815301076,1909f56bfc062723c751e8b465ee728b)
Start importing Assets/Prefabs/EndSim.prefab using Guid(7eb481d3b4761ca4198a62377f7ef823) Importer(815301076,1909f56bfc062723c751e8b465ee728b)  -> (artifact id: 'e019f5b60c0959cfa065cbb08ce6577b') in 0.079905 seconds 
========================================================================
Received Import Request.
  Time since last request: 19.107087 seconds.
  path: Assets/Scripts/Menu.cs
  artifactKey: Guid(b2de603315aff8e4b81a2f0c1114ef90) Importer(815301076,1909f56bfc062723c751e8b465ee728b)
Start importing Assets/Scripts/Menu.cs using Guid(b2de603315aff8e4b81a2f0c1114ef90) Importer(815301076,1909f56bfc062723c751e8b465ee728b)  -> (artifact id: 'cfc4c79a43482dfcbd66cadf31b9c7ed') in 0.077516 seconds 
========================================================================
Received Prepare
Registering precompiled user dll's ...
Registered in 0.005607 seconds.
Begin MonoManager ReloadAssembly
Symbol file LoadedFromMemory doesn't match image D:\Class\3rdYear\game design\Exam\Technician Inc\Library\PackageCache\com.unity.visualscripting@1.6.1\Editor\VisualScripting.Core\Dependencies\YamlDotNet\Unity.VisualScripting.YamlDotNet.dll
Symbol file LoadedFromMemory doesn't match image D:\Class\3rdYear\game design\Exam\Technician Inc\Library\PackageCache\com.unity.visualscripting@1.6.1\Editor\VisualScripting.Core\Dependencies\DotNetZip\Unity.VisualScripting.IonicZip.dll
Native extension for WindowsStandalone target not found
Refreshing native plugins compatible for Editor in 0.97 ms, found 2 plugins.
Preloading 0 native plugins for Editor in 0.00 ms.
Mono: successfully reloaded assembly
- Completed reload, in  1.479 seconds
Platform modules already initialized, skipping
Refreshing native plugins compatible for Editor in 1.01 ms, found 2 plugins.
Preloading 0 native plugins for Editor in 0.00 ms.
Unloading 3500 Unused Serialized files (Serialized files now loaded: 0)
System memory in use before: 151.4 MB.
System memory in use after: 151.5 MB.

Unloading 23 unused Assets to reduce memory usage. Loaded Objects now: 4062.
Total: 4.164200 ms (FindLiveObjects: 0.337000 ms CreateObjectMapping: 0.186300 ms MarkObjects: 3.467600 ms  DeleteObjects: 0.172200 ms)

========================================================================
Received Prepare
Registering precompiled user dll's ...
Registered in 0.005936 seconds.
Begin MonoManager ReloadAssembly
Symbol file LoadedFromMemory doesn't match image D:\Class\3rdYear\game design\Exam\Technician Inc\Library\PackageCache\com.unity.visualscripting@1.6.1\Editor\VisualScripting.Core\Dependencies\YamlDotNet\Unity.VisualScripting.YamlDotNet.dll
Symbol file LoadedFromMemory doesn't match image D:\Class\3rdYear\game design\Exam\Technician Inc\Library\PackageCache\com.unity.visualscripting@1.6.1\Editor\VisualScripting.Core\Dependencies\DotNetZip\Unity.VisualScripting.IonicZip.dll
Native extension for WindowsStandalone target not found
Refreshing native plugins compatible for Editor in 0.78 ms, found 2 plugins.
Preloading 0 native plugins for Editor in 0.00 ms.
Mono: successfully reloaded assembly
- Completed reload, in  1.305 seconds
Platform modules already initialized, skipping
Refreshing native plugins compatible for Editor in 1.51 ms, found 2 plugins.
Preloading 0 native plugins for Editor in 0.00 ms.
Unloading 3500 Unused Serialized files (Serialized files now loaded: 0)
System memory in use before: 151.4 MB.
System memory in use after: 151.5 MB.

Unloading 20 unused Assets to reduce memory usage. Loaded Objects now: 4066.
Total: 2.853200 ms (FindLiveObjects: 0.294100 ms CreateObjectMapping: 0.198900 ms MarkObjects: 2.251600 ms  DeleteObjects: 0.107400 ms)

========================================================================
Received Import Request.
  Time since last request: 109.360019 seconds.
  path: Assets/Scripts/Menu.cs
  artifactKey: Guid(b2de603315aff8e4b81a2f0c1114ef90) Importer(815301076,1909f56bfc062723c751e8b465ee728b)
Start importing Assets/Scripts/Menu.cs using Guid(b2de603315aff8e4b81a2f0c1114ef90) Importer(815301076,1909f56bfc062723c751e8b465ee728b)  -> (artifact id: '08dd9b0bf24263d6c2a680ca7e8b7ff6') in 0.006668 seconds 
========================================================================
Received Import Request.
  Time since last request: 259.166118 seconds.
  path: Assets/Scenes/Level2.unity
  artifactKey: Guid(213e940d41a68b84e96e57669f4ae6e4) Importer(815301076,1909f56bfc062723c751e8b465ee728b)
Start importing Assets/Scenes/Level2.unity using Guid(213e940d41a68b84e96e57669f4ae6e4) Importer(815301076,1909f56bfc062723c751e8b465ee728b)  -> (artifact id: '2f23bedce15a89e4a02e3ea3f08fdab1') in 0.013956 seconds 
========================================================================
Received Import Request.
  Time since last request: 0.622258 seconds.
  path: Assets/Scenes/EndScene.unity
  artifactKey: Guid(338fc81720ce0dd4398d890561429fcf) Importer(815301076,1909f56bfc062723c751e8b465ee728b)
Start importing Assets/Scenes/EndScene.unity using Guid(338fc81720ce0dd4398d890561429fcf) Importer(815301076,1909f56bfc062723c751e8b465ee728b)  -> (artifact id: '1a9418c335681b6ac40ffd80af0fa4d2') in 0.006043 seconds 
========================================================================
Received Import Request.
  Time since last request: 7.968721 seconds.
  path: Assets/Scenes/SampleScene.unity
  artifactKey: Guid(2cda990e2423bbf4892e6590ba056729) Importer(815301076,1909f56bfc062723c751e8b465ee728b)
Start importing Assets/Scenes/SampleScene.unity using Guid(2cda990e2423bbf4892e6590ba056729) Importer(815301076,1909f56bfc062723c751e8b465ee728b)  -> (artifact id: 'e1e1be9e2d48b8de4d1b03fb6ab08579') in 0.004360 seconds 
========================================================================
Received Prepare
Refreshing native plugins compatible for Editor in 6.68 ms, found 2 plugins.
Preloading 0 native plugins for Editor in 0.00 ms.
Unloading 18 Unused Serialized files (Serialized files now loaded: 0)
System memory in use before: 82.5 MB.
System memory in use after: 82.6 MB.

Unloading 18 unused Assets to reduce memory usage. Loaded Objects now: 4066.
Total: 46.830700 ms (FindLiveObjects: 1.221700 ms CreateObjectMapping: 0.252400 ms MarkObjects: 45.097200 ms  DeleteObjects: 0.257600 ms)

========================================================================
Received Import Request.
  Time since last request: 5185.927167 seconds.
  path: Assets/Scenes/SampleScene.unity
  artifactKey: Guid(2cda990e2423bbf4892e6590ba056729) Importer(815301076,1909f56bfc062723c751e8b465ee728b)
Start importing Assets/Scenes/SampleScene.unity using Guid(2cda990e2423bbf4892e6590ba056729) Importer(815301076,1909f56bfc062723c751e8b465ee728b)  -> (artifact id: '71bf301a61a0d81cea02331fb8527e44') in 0.042490 seconds 
========================================================================
Received Import Request.
  Time since last request: 214.076767 seconds.
  path: Assets/Prefabs/Player.prefab
  artifactKey: Guid(3f9de3d15ec4d5944b1b46a544521b5c) Importer(815301076,1909f56bfc062723c751e8b465ee728b)
Start importing Assets/Prefabs/Player.prefab using Guid(3f9de3d15ec4d5944b1b46a544521b5c) Importer(815301076,1909f56bfc062723c751e8b465ee728b)  -> (artifact id: '89e7b0fba1bea3e165512f3bf3626eeb') in 0.200882 seconds 
========================================================================
Received Prepare
Refreshing native plugins compatible for Editor in 4.77 ms, found 2 plugins.
Preloading 0 native plugins for Editor in 0.00 ms.
Unloading 18 Unused Serialized files (Serialized files now loaded: 0)
System memory in use before: 82.8 MB.
System memory in use after: 82.9 MB.

Unloading 18 unused Assets to reduce memory usage. Loaded Objects now: 4067.
Total: 5.349300 ms (FindLiveObjects: 0.403700 ms CreateObjectMapping: 0.315300 ms MarkObjects: 4.507100 ms  DeleteObjects: 0.121300 ms)

========================================================================
Received Prepare
Registering precompiled user dll's ...
Registered in 0.011510 seconds.
Begin MonoManager ReloadAssembly
Symbol file LoadedFromMemory doesn't match image D:\Class\3rdYear\game design\Exam\Technician Inc\Library\PackageCache\com.unity.visualscripting@1.6.1\Editor\VisualScripting.Core\Dependencies\YamlDotNet\Unity.VisualScripting.YamlDotNet.dll
Symbol file LoadedFromMemory doesn't match image D:\Class\3rdYear\game design\Exam\Technician Inc\Library\PackageCache\com.unity.visualscripting@1.6.1\Editor\VisualScripting.Core\Dependencies\DotNetZip\Unity.VisualScripting.IonicZip.dll
Native extension for WindowsStandalone target not found
Refreshing native plugins compatible for Editor in 1.32 ms, found 2 plugins.
Preloading 0 native plugins for Editor in 0.00 ms.
Mono: successfully reloaded assembly
- Completed reload, in  1.926 seconds
Platform modules already initialized, skipping
Refreshing native plugins compatible for Editor in 1.48 ms, found 2 plugins.
Preloading 0 native plugins for Editor in 0.00 ms.
Unloading 3500 Unused Serialized files (Serialized files now loaded: 0)
System memory in use before: 151.5 MB.
System memory in use after: 151.6 MB.

Unloading 20 unused Assets to reduce memory usage. Loaded Objects now: 4071.
Total: 4.735100 ms (FindLiveObjects: 0.426000 ms CreateObjectMapping: 0.266300 ms MarkObjects: 3.868800 ms  DeleteObjects: 0.171900 ms)

========================================================================
Received Import Request.
  Time since last request: 514.391887 seconds.
  path: Assets/Scenes/SampleScene.unity
  artifactKey: Guid(2cda990e2423bbf4892e6590ba056729) Importer(815301076,1909f56bfc062723c751e8b465ee728b)
Start importing Assets/Scenes/SampleScene.unity using Guid(2cda990e2423bbf4892e6590ba056729) Importer(815301076,1909f56bfc062723c751e8b465ee728b)  -> (artifact id: '5ae5fb7179eeb13a16cf56e659fba79d') in 0.017270 seconds 
========================================================================
Received Prepare
Registering precompiled user dll's ...
Registered in 0.005518 seconds.
Begin MonoManager ReloadAssembly
Symbol file LoadedFromMemory doesn't match image D:\Class\3rdYear\game design\Exam\Technician Inc\Library\PackageCache\com.unity.visualscripting@1.6.1\Editor\VisualScripting.Core\Dependencies\YamlDotNet\Unity.VisualScripting.YamlDotNet.dll
Symbol file LoadedFromMemory doesn't match image D:\Class\3rdYear\game design\Exam\Technician Inc\Library\PackageCache\com.unity.visualscripting@1.6.1\Editor\VisualScripting.Core\Dependencies\DotNetZip\Unity.VisualScripting.IonicZip.dll
Native extension for WindowsStandalone target not found
Refreshing native plugins compatible for Editor in 1.14 ms, found 2 plugins.
Preloading 0 native plugins for Editor in 0.00 ms.
Mono: successfully reloaded assembly
- Completed reload, in  1.241 seconds
Platform modules already initialized, skipping
Refreshing native plugins compatible for Editor in 0.88 ms, found 2 plugins.
Preloading 0 native plugins for Editor in 0.00 ms.
Unloading 3500 Unused Serialized files (Serialized files now loaded: 0)
System memory in use before: 151.5 MB.
System memory in use after: 151.6 MB.

Unloading 20 unused Assets to reduce memory usage. Loaded Objects now: 4075.
Total: 3.690300 ms (FindLiveObjects: 0.277100 ms CreateObjectMapping: 0.172100 ms MarkObjects: 3.091200 ms  DeleteObjects: 0.148700 ms)

========================================================================
Received Import Request.
  Time since last request: 116.706362 seconds.
  path: Assets/Scenes/Level2.unity
  artifactKey: Guid(213e940d41a68b84e96e57669f4ae6e4) Importer(815301076,1909f56bfc062723c751e8b465ee728b)
Start importing Assets/Scenes/Level2.unity using Guid(213e940d41a68b84e96e57669f4ae6e4) Importer(815301076,1909f56bfc062723c751e8b465ee728b)  -> (artifact id: 'c5337fbe931459cbb6fd8be3dcdf9c2c') in 0.020245 seconds 
========================================================================
Received Prepare
Registering precompiled user dll's ...
Registered in 0.005391 seconds.
Begin MonoManager ReloadAssembly
Symbol file LoadedFromMemory doesn't match image D:\Class\3rdYear\game design\Exam\Technician Inc\Library\PackageCache\com.unity.visualscripting@1.6.1\Editor\VisualScripting.Core\Dependencies\YamlDotNet\Unity.VisualScripting.YamlDotNet.dll
Symbol file LoadedFromMemory doesn't match image D:\Class\3rdYear\game design\Exam\Technician Inc\Library\PackageCache\com.unity.visualscripting@1.6.1\Editor\VisualScripting.Core\Dependencies\DotNetZip\Unity.VisualScripting.IonicZip.dll
Native extension for WindowsStandalone target not found
Refreshing native plugins compatible for Editor in 1.23 ms, found 2 plugins.
Preloading 0 native plugins for Editor in 0.00 ms.
Mono: successfully reloaded assembly
- Completed reload, in  1.415 seconds
Platform modules already initialized, skipping
Refreshing native plugins compatible for Editor in 0.76 ms, found 2 plugins.
Preloading 0 native plugins for Editor in 0.00 ms.
Unloading 3500 Unused Serialized files (Serialized files now loaded: 0)
System memory in use before: 151.5 MB.
System memory in use after: 151.6 MB.

Unloading 20 unused Assets to reduce memory usage. Loaded Objects now: 4079.
Total: 4.476000 ms (FindLiveObjects: 0.413500 ms CreateObjectMapping: 0.223300 ms MarkObjects: 3.710900 ms  DeleteObjects: 0.126200 ms)

========================================================================
Received Prepare
Registering precompiled user dll's ...
Registered in 0.009807 seconds.
Begin MonoManager ReloadAssembly
Symbol file LoadedFromMemory doesn't match image D:\Class\3rdYear\game design\Exam\Technician Inc\Library\PackageCache\com.unity.visualscripting@1.6.1\Editor\VisualScripting.Core\Dependencies\YamlDotNet\Unity.VisualScripting.YamlDotNet.dll
Symbol file LoadedFromMemory doesn't match image D:\Class\3rdYear\game design\Exam\Technician Inc\Library\PackageCache\com.unity.visualscripting@1.6.1\Editor\VisualScripting.Core\Dependencies\DotNetZip\Unity.VisualScripting.IonicZip.dll
Native extension for WindowsStandalone target not found
Refreshing native plugins compatible for Editor in 0.87 ms, found 2 plugins.
Preloading 0 native plugins for Editor in 0.00 ms.
Mono: successfully reloaded assembly
- Completed reload, in  1.706 seconds
Platform modules already initialized, skipping
Refreshing native plugins compatible for Editor in 0.74 ms, found 2 plugins.
Preloading 0 native plugins for Editor in 0.00 ms.
Unloading 3500 Unused Serialized files (Serialized files now loaded: 0)
System memory in use before: 151.5 MB.
System memory in use after: 151.6 MB.

Unloading 20 unused Assets to reduce memory usage. Loaded Objects now: 4083.
Total: 4.501400 ms (FindLiveObjects: 0.387100 ms CreateObjectMapping: 0.244900 ms MarkObjects: 3.748500 ms  DeleteObjects: 0.119300 ms)

========================================================================
Received Prepare
Registering precompiled user dll's ...
Registered in 0.006489 seconds.
Begin MonoManager ReloadAssembly
Symbol file LoadedFromMemory doesn't match image D:\Class\3rdYear\game design\Exam\Technician Inc\Library\PackageCache\com.unity.visualscripting@1.6.1\Editor\VisualScripting.Core\Dependencies\YamlDotNet\Unity.VisualScripting.YamlDotNet.dll
Symbol file LoadedFromMemory doesn't match image D:\Class\3rdYear\game design\Exam\Technician Inc\Library\PackageCache\com.unity.visualscripting@1.6.1\Editor\VisualScripting.Core\Dependencies\DotNetZip\Unity.VisualScripting.IonicZip.dll
Native extension for WindowsStandalone target not found
Refreshing native plugins compatible for Editor in 0.85 ms, found 2 plugins.
Preloading 0 native plugins for Editor in 0.00 ms.
Mono: successfully reloaded assembly
- Completed reload, in  1.326 seconds
Platform modules already initialized, skipping
Refreshing native plugins compatible for Editor in 0.96 ms, found 2 plugins.
Preloading 0 native plugins for Editor in 0.00 ms.
Unloading 3500 Unused Serialized files (Serialized files now loaded: 0)
System memory in use before: 151.5 MB.
System memory in use after: 151.6 MB.

Unloading 20 unused Assets to reduce memory usage. Loaded Objects now: 4087.
Total: 3.328600 ms (FindLiveObjects: 0.352600 ms CreateObjectMapping: 0.273700 ms MarkObjects: 2.514500 ms  DeleteObjects: 0.186800 ms)

========================================================================
Received Prepare
Registering precompiled user dll's ...
Registered in 0.005562 seconds.
Begin MonoManager ReloadAssembly
Symbol file LoadedFromMemory doesn't match image D:\Class\3rdYear\game design\Exam\Technician Inc\Library\PackageCache\com.unity.visualscripting@1.6.1\Editor\VisualScripting.Core\Dependencies\YamlDotNet\Unity.VisualScripting.YamlDotNet.dll
Symbol file LoadedFromMemory doesn't match image D:\Class\3rdYear\game design\Exam\Technician Inc\Library\PackageCache\com.unity.visualscripting@1.6.1\Editor\VisualScripting.Core\Dependencies\DotNetZip\Unity.VisualScripting.IonicZip.dll
Native extension for WindowsStandalone target not found
Refreshing native plugins compatible for Editor in 0.92 ms, found 2 plugins.
Preloading 0 native plugins for Editor in 0.00 ms.
Mono: successfully reloaded assembly
- Completed reload, in  1.394 seconds
Platform modules already initialized, skipping
Refreshing native plugins compatible for Editor in 1.26 ms, found 2 plugins.
Preloading 0 native plugins for Editor in 0.00 ms.
Unloading 3500 Unused Serialized files (Serialized files now loaded: 0)
System memory in use before: 151.5 MB.
System memory in use after: 151.6 MB.

Unloading 20 unused Assets to reduce memory usage. Loaded Objects now: 4091.
Total: 5.938800 ms (FindLiveObjects: 0.669500 ms CreateObjectMapping: 0.802200 ms MarkObjects: 4.224300 ms  DeleteObjects: 0.240900 ms)

========================================================================
Received Prepare
Registering precompiled user dll's ...
Registered in 0.005667 seconds.
Begin MonoManager ReloadAssembly
Symbol file LoadedFromMemory doesn't match image D:\Class\3rdYear\game design\Exam\Technician Inc\Library\PackageCache\com.unity.visualscripting@1.6.1\Editor\VisualScripting.Core\Dependencies\YamlDotNet\Unity.VisualScripting.YamlDotNet.dll
Symbol file LoadedFromMemory doesn't match image D:\Class\3rdYear\game design\Exam\Technician Inc\Library\PackageCache\com.unity.visualscripting@1.6.1\Editor\VisualScripting.Core\Dependencies\DotNetZip\Unity.VisualScripting.IonicZip.dll
Native extension for WindowsStandalone target not found
Refreshing native plugins compatible for Editor in 1.13 ms, found 2 plugins.
Preloading 0 native plugins for Editor in 0.00 ms.
Mono: successfully reloaded assembly
- Completed reload, in  1.403 seconds
Platform modules already initialized, skipping
Refreshing native plugins compatible for Editor in 1.09 ms, found 2 plugins.
Preloading 0 native plugins for Editor in 0.00 ms.
Unloading 3500 Unused Serialized files (Serialized files now loaded: 0)
System memory in use before: 151.5 MB.
System memory in use after: 151.6 MB.

Unloading 20 unused Assets to reduce memory usage. Loaded Objects now: 4095.
Total: 2.969500 ms (FindLiveObjects: 0.292400 ms CreateObjectMapping: 0.144300 ms MarkObjects: 2.397600 ms  DeleteObjects: 0.134100 ms)

========================================================================
Received Import Request.
  Time since last request: 990.333984 seconds.
  path: Assets/Scenes/SampleScene.unity
  artifactKey: Guid(2cda990e2423bbf4892e6590ba056729) Importer(815301076,1909f56bfc062723c751e8b465ee728b)
Start importing Assets/Scenes/SampleScene.unity using Guid(2cda990e2423bbf4892e6590ba056729) Importer(815301076,1909f56bfc062723c751e8b465ee728b)  -> (artifact id: '8dab0dac22db222ea8ad08d54cf7adf1') in 0.021357 seconds 
========================================================================
Received Prepare
Registering precompiled user dll's ...
Registered in 0.008671 seconds.
Begin MonoManager ReloadAssembly
Symbol file LoadedFromMemory doesn't match image D:\Class\3rdYear\game design\Exam\Technician Inc\Library\PackageCache\com.unity.visualscripting@1.6.1\Editor\VisualScripting.Core\Dependencies\YamlDotNet\Unity.VisualScripting.YamlDotNet.dll
Symbol file LoadedFromMemory doesn't match image D:\Class\3rdYear\game design\Exam\Technician Inc\Library\PackageCache\com.unity.visualscripting@1.6.1\Editor\VisualScripting.Core\Dependencies\DotNetZip\Unity.VisualScripting.IonicZip.dll
Native extension for WindowsStandalone target not found
Refreshing native plugins compatible for Editor in 0.81 ms, found 2 plugins.
Preloading 0 native plugins for Editor in 0.00 ms.
Mono: successfully reloaded assembly
- Completed reload, in  1.353 seconds
Platform modules already initialized, skipping
Refreshing native plugins compatible for Editor in 1.34 ms, found 2 plugins.
Preloading 0 native plugins for Editor in 0.00 ms.
Unloading 3500 Unused Serialized files (Serialized files now loaded: 0)
System memory in use before: 151.5 MB.
System memory in use after: 151.6 MB.

Unloading 20 unused Assets to reduce memory usage. Loaded Objects now: 4099.
Total: 4.280700 ms (FindLiveObjects: 0.484700 ms CreateObjectMapping: 0.199100 ms MarkObjects: 3.430600 ms  DeleteObjects: 0.165200 ms)

========================================================================
Received Prepare
Registering precompiled user dll's ...
Registered in 0.006196 seconds.
Begin MonoManager ReloadAssembly
Symbol file LoadedFromMemory doesn't match image D:\Class\3rdYear\game design\Exam\Technician Inc\Library\PackageCache\com.unity.visualscripting@1.6.1\Editor\VisualScripting.Core\Dependencies\YamlDotNet\Unity.VisualScripting.YamlDotNet.dll
Symbol file LoadedFromMemory doesn't match image D:\Class\3rdYear\game design\Exam\Technician Inc\Library\PackageCache\com.unity.visualscripting@1.6.1\Editor\VisualScripting.Core\Dependencies\DotNetZip\Unity.VisualScripting.IonicZip.dll
Native extension for WindowsStandalone target not found
Refreshing native plugins compatible for Editor in 1.84 ms, found 2 plugins.
Preloading 0 native plugins for Editor in 0.00 ms.
Mono: successfully reloaded assembly
- Completed reload, in  1.366 seconds
Platform modules already initialized, skipping
Refreshing native plugins compatible for Editor in 0.70 ms, found 2 plugins.
Preloading 0 native plugins for Editor in 0.00 ms.
Unloading 3500 Unused Serialized files (Serialized files now loaded: 0)
System memory in use before: 151.5 MB.
System memory in use after: 151.6 MB.

Unloading 20 unused Assets to reduce memory usage. Loaded Objects now: 4103.
Total: 3.161700 ms (FindLiveObjects: 0.432000 ms CreateObjectMapping: 0.301300 ms MarkObjects: 2.250000 ms  DeleteObjects: 0.177500 ms)

========================================================================
Received Prepare
Registering precompiled user dll's ...
Registered in 0.005276 seconds.
Begin MonoManager ReloadAssembly
Symbol file LoadedFromMemory doesn't match image D:\Class\3rdYear\game design\Exam\Technician Inc\Library\PackageCache\com.unity.visualscripting@1.6.1\Editor\VisualScripting.Core\Dependencies\YamlDotNet\Unity.VisualScripting.YamlDotNet.dll
Symbol file LoadedFromMemory doesn't match image D:\Class\3rdYear\game design\Exam\Technician Inc\Library\PackageCache\com.unity.visualscripting@1.6.1\Editor\VisualScripting.Core\Dependencies\DotNetZip\Unity.VisualScripting.IonicZip.dll
Native extension for WindowsStandalone target not found
Refreshing native plugins compatible for Editor in 0.73 ms, found 2 plugins.
Preloading 0 native plugins for Editor in 0.00 ms.
Mono: successfully reloaded assembly
- Completed reload, in  1.341 seconds
Platform modules already initialized, skipping
Refreshing native plugins compatible for Editor in 1.24 ms, found 2 plugins.
Preloading 0 native plugins for Editor in 0.00 ms.
Unloading 3500 Unused Serialized files (Serialized files now loaded: 0)
System memory in use before: 151.5 MB.
System memory in use after: 151.7 MB.

Unloading 20 unused Assets to reduce memory usage. Loaded Objects now: 4107.
Total: 3.219900 ms (FindLiveObjects: 0.290400 ms CreateObjectMapping: 0.218800 ms MarkObjects: 2.542800 ms  DeleteObjects: 0.166400 ms)

========================================================================
Received Prepare
Registering precompiled user dll's ...
Registered in 0.006583 seconds.
Begin MonoManager ReloadAssembly
Symbol file LoadedFromMemory doesn't match image D:\Class\3rdYear\game design\Exam\Technician Inc\Library\PackageCache\com.unity.visualscripting@1.6.1\Editor\VisualScripting.Core\Dependencies\YamlDotNet\Unity.VisualScripting.YamlDotNet.dll
Symbol file LoadedFromMemory doesn't match image D:\Class\3rdYear\game design\Exam\Technician Inc\Library\PackageCache\com.unity.visualscripting@1.6.1\Editor\VisualScripting.Core\Dependencies\DotNetZip\Unity.VisualScripting.IonicZip.dll
Native extension for WindowsStandalone target not found
Refreshing native plugins compatible for Editor in 0.80 ms, found 2 plugins.
Preloading 0 native plugins for Editor in 0.00 ms.
Mono: successfully reloaded assembly
- Completed reload, in  1.272 seconds
Platform modules already initialized, skipping
Refreshing native plugins compatible for Editor in 0.81 ms, found 2 plugins.
Preloading 0 native plugins for Editor in 0.00 ms.
Unloading 3500 Unused Serialized files (Serialized files now loaded: 0)
System memory in use before: 151.6 MB.
System memory in use after: 151.7 MB.

Unloading 20 unused Assets to reduce memory usage. Loaded Objects now: 4111.
Total: 3.409400 ms (FindLiveObjects: 0.287100 ms CreateObjectMapping: 0.203600 ms MarkObjects: 2.768200 ms  DeleteObjects: 0.149500 ms)

========================================================================
Received Prepare
Registering precompiled user dll's ...
Registered in 0.008670 seconds.
Begin MonoManager ReloadAssembly
Symbol file LoadedFromMemory doesn't match image D:\Class\3rdYear\game design\Exam\Technician Inc\Library\PackageCache\com.unity.visualscripting@1.6.1\Editor\VisualScripting.Core\Dependencies\YamlDotNet\Unity.VisualScripting.YamlDotNet.dll
Symbol file LoadedFromMemory doesn't match image D:\Class\3rdYear\game design\Exam\Technician Inc\Library\PackageCache\com.unity.visualscripting@1.6.1\Editor\VisualScripting.Core\Dependencies\DotNetZip\Unity.VisualScripting.IonicZip.dll
Native extension for WindowsStandalone target not found
Refreshing native plugins compatible for Editor in 1.48 ms, found 2 plugins.
Preloading 0 native plugins for Editor in 0.00 ms.
Mono: successfully reloaded assembly
- Completed reload, in  1.415 seconds
Platform modules already initialized, skipping
Refreshing native plugins compatible for Editor in 1.08 ms, found 2 plugins.
Preloading 0 native plugins for Editor in 0.00 ms.
Unloading 3500 Unused Serialized files (Serialized files now loaded: 0)
System memory in use before: 151.6 MB.
System memory in use after: 151.7 MB.

Unloading 20 unused Assets to reduce memory usage. Loaded Objects now: 4115.
Total: 4.085400 ms (FindLiveObjects: 0.407200 ms CreateObjectMapping: 0.232300 ms MarkObjects: 3.290500 ms  DeleteObjects: 0.153500 ms)

========================================================================
Received Import Request.
  Time since last request: 325.688468 seconds.
  path: Assets/Scenes/Level2.unity
  artifactKey: Guid(213e940d41a68b84e96e57669f4ae6e4) Importer(815301076,1909f56bfc062723c751e8b465ee728b)
Start importing Assets/Scenes/Level2.unity using Guid(213e940d41a68b84e96e57669f4ae6e4) Importer(815301076,1909f56bfc062723c751e8b465ee728b)  -> (artifact id: '679450be6eac981db2eeeea4c57290a8') in 0.022330 seconds 
========================================================================
Received Prepare
Registering precompiled user dll's ...
Registered in 0.006534 seconds.
Begin MonoManager ReloadAssembly
Symbol file LoadedFromMemory doesn't match image D:\Class\3rdYear\game design\Exam\Technician Inc\Library\PackageCache\com.unity.visualscripting@1.6.1\Editor\VisualScripting.Core\Dependencies\YamlDotNet\Unity.VisualScripting.YamlDotNet.dll
Symbol file LoadedFromMemory doesn't match image D:\Class\3rdYear\game design\Exam\Technician Inc\Library\PackageCache\com.unity.visualscripting@1.6.1\Editor\VisualScripting.Core\Dependencies\DotNetZip\Unity.VisualScripting.IonicZip.dll
Native extension for WindowsStandalone target not found
Refreshing native plugins compatible for Editor in 0.66 ms, found 2 plugins.
Preloading 0 native plugins for Editor in 0.00 ms.
Mono: successfully reloaded assembly
- Completed reload, in  1.385 seconds
Platform modules already initialized, skipping
Refreshing native plugins compatible for Editor in 0.86 ms, found 2 plugins.
Preloading 0 native plugins for Editor in 0.00 ms.
Unloading 3500 Unused Serialized files (Serialized files now loaded: 0)
System memory in use before: 151.6 MB.
System memory in use after: 151.7 MB.

Unloading 20 unused Assets to reduce memory usage. Loaded Objects now: 4119.
Total: 3.169600 ms (FindLiveObjects: 0.290100 ms CreateObjectMapping: 0.218100 ms MarkObjects: 2.537400 ms  DeleteObjects: 0.123100 ms)

========================================================================
Received Import Request.
  Time since last request: 281.504088 seconds.
  path: Assets/Anims/Door_Open.anim
  artifactKey: Guid(84c9f5ec11e3efd4fa299020b01ce254) Importer(815301076,1909f56bfc062723c751e8b465ee728b)
Start importing Assets/Anims/Door_Open.anim using Guid(84c9f5ec11e3efd4fa299020b01ce254) Importer(815301076,1909f56bfc062723c751e8b465ee728b)  -> (artifact id: 'f9c889f5a53d278c893c6c1566027477') in 0.143077 seconds 
========================================================================
Received Import Request.
  Time since last request: 1.581157 seconds.
  path: Assets/Anims/Player1Door.controller
  artifactKey: Guid(861d4ef550893414a943c95b944e9d04) Importer(815301076,1909f56bfc062723c751e8b465ee728b)
Start importing Assets/Anims/Player1Door.controller using Guid(861d4ef550893414a943c95b944e9d04) Importer(815301076,1909f56bfc062723c751e8b465ee728b)  -> (artifact id: '87f17954b177444cc61f1e1f2b2be797') in 0.017200 seconds 
========================================================================
Received Import Request.
  Time since last request: 4.136757 seconds.
  path: Assets/Anims/FloorSlide.anim
  artifactKey: Guid(e78404c3532c072469a129efc7ee15f7) Importer(815301076,1909f56bfc062723c751e8b465ee728b)
Start importing Assets/Anims/FloorSlide.anim using Guid(e78404c3532c072469a129efc7ee15f7) Importer(815301076,1909f56bfc062723c751e8b465ee728b)  -> (artifact id: '12809253d681d09e7c8f0616c880622d') in 0.129892 seconds 
========================================================================
Received Import Request.
  Time since last request: 1.469909 seconds.
  path: Assets/Anims/Player2Door.controller
  artifactKey: Guid(b206c2ff90d618f43ad95f3deb7c805c) Importer(815301076,1909f56bfc062723c751e8b465ee728b)
Start importing Assets/Anims/Player2Door.controller using Guid(b206c2ff90d618f43ad95f3deb7c805c) Importer(815301076,1909f56bfc062723c751e8b465ee728b)  -> (artifact id: '9bb49162f09fb706926526b09e0c9589') in 0.012730 seconds 
========================================================================
Received Import Request.
  Time since last request: 1.449960 seconds.
  path: Assets/Anims/Scene2Door2Open.anim
  artifactKey: Guid(2d67244ca1a74e44da74c70c0c220741) Importer(815301076,1909f56bfc062723c751e8b465ee728b)
Start importing Assets/Anims/Scene2Door2Open.anim using Guid(2d67244ca1a74e44da74c70c0c220741) Importer(815301076,1909f56bfc062723c751e8b465ee728b)  -> (artifact id: '85a46ac4072064cf12ecf65b5ec58269') in 0.011309 seconds 
========================================================================
Received Import Request.
  Time since last request: 2.302935 seconds.
  path: Assets/Anims/Scene2DoorOpen.anim
  artifactKey: Guid(0ace4027230d36040aa0462206799e38) Importer(815301076,1909f56bfc062723c751e8b465ee728b)
Start importing Assets/Anims/Scene2DoorOpen.anim using Guid(0ace4027230d36040aa0462206799e38) Importer(815301076,1909f56bfc062723c751e8b465ee728b)  -> (artifact id: '16e4d6c7208b4cd1574993712d2067e3') in 0.013614 seconds 
========================================================================
Received Import Request.
  Time since last request: 48.017595 seconds.
  path: Assets/Scenes/SampleScene.unity
  artifactKey: Guid(2cda990e2423bbf4892e6590ba056729) Importer(815301076,1909f56bfc062723c751e8b465ee728b)
Start importing Assets/Scenes/SampleScene.unity using Guid(2cda990e2423bbf4892e6590ba056729) Importer(815301076,1909f56bfc062723c751e8b465ee728b)  -> (artifact id: '2a9586f21911406237054677dcb37ff9') in 0.004677 seconds 
========================================================================
Received Prepare
Registering precompiled user dll's ...
Registered in 0.007137 seconds.
Begin MonoManager ReloadAssembly
Symbol file LoadedFromMemory doesn't match image D:\Class\3rdYear\game design\Exam\Technician Inc\Library\PackageCache\com.unity.visualscripting@1.6.1\Editor\VisualScripting.Core\Dependencies\YamlDotNet\Unity.VisualScripting.YamlDotNet.dll
Symbol file LoadedFromMemory doesn't match image D:\Class\3rdYear\game design\Exam\Technician Inc\Library\PackageCache\com.unity.visualscripting@1.6.1\Editor\VisualScripting.Core\Dependencies\DotNetZip\Unity.VisualScripting.IonicZip.dll
Native extension for WindowsStandalone target not found
Refreshing native plugins compatible for Editor in 1.74 ms, found 2 plugins.
Preloading 0 native plugins for Editor in 0.00 ms.
Mono: successfully reloaded assembly
- Completed reload, in  1.787 seconds
Platform modules already initialized, skipping
Refreshing native plugins compatible for Editor in 1.06 ms, found 2 plugins.
Preloading 0 native plugins for Editor in 0.00 ms.
Unloading 3500 Unused Serialized files (Serialized files now loaded: 0)
System memory in use before: 151.6 MB.
System memory in use after: 151.7 MB.

Unloading 20 unused Assets to reduce memory usage. Loaded Objects now: 4123.
Total: 8.938500 ms (FindLiveObjects: 0.604900 ms CreateObjectMapping: 0.692200 ms MarkObjects: 7.427400 ms  DeleteObjects: 0.212000 ms)

========================================================================
Received Prepare
Refreshing native plugins compatible for Editor in 4.37 ms, found 2 plugins.
Preloading 0 native plugins for Editor in 0.00 ms.
Unloading 18 Unused Serialized files (Serialized files now loaded: 0)
System memory in use before: 82.7 MB.
System memory in use after: 82.8 MB.

Unloading 18 unused Assets to reduce memory usage. Loaded Objects now: 4123.
Total: 4.058300 ms (FindLiveObjects: 0.539200 ms CreateObjectMapping: 0.378100 ms MarkObjects: 2.993500 ms  DeleteObjects: 0.146400 ms)

========================================================================
Received Import Request.
  Time since last request: 661.972420 seconds.
  path: Assets/Scenes/SampleScene.unity
  artifactKey: Guid(2cda990e2423bbf4892e6590ba056729) Importer(815301076,1909f56bfc062723c751e8b465ee728b)
Start importing Assets/Scenes/SampleScene.unity using Guid(2cda990e2423bbf4892e6590ba056729) Importer(815301076,1909f56bfc062723c751e8b465ee728b)  -> (artifact id: '835fbab68a859f30be41b388013c1ca7') in 0.015530 seconds 
========================================================================
Received Prepare
Refreshing native plugins compatible for Editor in 4.57 ms, found 2 plugins.
Preloading 0 native plugins for Editor in 0.00 ms.
Unloading 18 Unused Serialized files (Serialized files now loaded: 0)
System memory in use before: 82.7 MB.
System memory in use after: 82.8 MB.

Unloading 18 unused Assets to reduce memory usage. Loaded Objects now: 4123.
Total: 4.544700 ms (FindLiveObjects: 0.311700 ms CreateObjectMapping: 0.178000 ms MarkObjects: 3.926100 ms  DeleteObjects: 0.127900 ms)

========================================================================
Received Import Request.
  Time since last request: 451.965582 seconds.
  path: Assets/Scenes/SampleScene.unity
  artifactKey: Guid(2cda990e2423bbf4892e6590ba056729) Importer(815301076,1909f56bfc062723c751e8b465ee728b)
Start importing Assets/Scenes/SampleScene.unity using Guid(2cda990e2423bbf4892e6590ba056729) Importer(815301076,1909f56bfc062723c751e8b465ee728b)  -> (artifact id: '6a44107819cbfb4e0372596bd31d7c92') in 0.008443 seconds 
========================================================================
Received Prepare
Refreshing native plugins compatible for Editor in 6.00 ms, found 2 plugins.
Preloading 0 native plugins for Editor in 0.00 ms.
Unloading 18 Unused Serialized files (Serialized files now loaded: 0)
System memory in use before: 82.7 MB.
System memory in use after: 82.8 MB.

Unloading 18 unused Assets to reduce memory usage. Loaded Objects now: 4123.
Total: 4.995300 ms (FindLiveObjects: 0.317300 ms CreateObjectMapping: 0.197000 ms MarkObjects: 4.290500 ms  DeleteObjects: 0.188600 ms)

========================================================================
Received Prepare
Refreshing native plugins compatible for Editor in 5.12 ms, found 2 plugins.
Preloading 0 native plugins for Editor in 0.00 ms.
Unloading 18 Unused Serialized files (Serialized files now loaded: 0)
System memory in use before: 82.7 MB.
System memory in use after: 82.8 MB.

Unloading 18 unused Assets to reduce memory usage. Loaded Objects now: 4123.
Total: 5.041300 ms (FindLiveObjects: 0.349900 ms CreateObjectMapping: 0.304900 ms MarkObjects: 4.172500 ms  DeleteObjects: 0.192600 ms)

========================================================================
Received Prepare
Refreshing native plugins compatible for Editor in 7.79 ms, found 2 plugins.
Preloading 0 native plugins for Editor in 0.00 ms.
Unloading 18 Unused Serialized files (Serialized files now loaded: 0)
System memory in use before: 82.7 MB.
System memory in use after: 82.8 MB.

Unloading 18 unused Assets to reduce memory usage. Loaded Objects now: 4123.
Total: 4.486000 ms (FindLiveObjects: 0.288700 ms CreateObjectMapping: 0.231100 ms MarkObjects: 3.814200 ms  DeleteObjects: 0.150500 ms)

AssetImportWorkerClient::OnTransportError - code=2 error=End of file
